<?xml version="1.0" encoding="UTF-8"?>
<!-- Generated by org.testng.reporters.JUnitXMLReporter -->
<testsuite hostname="in-madhurvk-1" ignored="0" name="Test" tests="1" failures="1" timestamp="18 Nov 2019 08:24:45 GMT" time="45.04" errors="0">
  <testcase name="successfulLogin" time="3.068" classname="scripts.InteliLogin">
    <failure type="org.openqa.selenium.UnsupportedCommandException" message="&amp;apos;link text&amp;apos; is not valid or implemented searching strategy. (WARNING: The server did not provide any stacktrace information)
Command duration or timeout: 0 milliseconds
Build info: version: &amp;apos;3.7.1&amp;apos;, revision: &amp;apos;8a0099a&amp;apos;, time: &amp;apos;2017-11-06T21:01:39.354Z&amp;apos;
System info: host: &amp;apos;IN-MADHURVK-1&amp;apos;, ip: &amp;apos;192.168.43.165&amp;apos;, os.name: &amp;apos;Windows 10&amp;apos;, os.arch: &amp;apos;amd64&amp;apos;, os.version: &amp;apos;10.0&amp;apos;, java.version: &amp;apos;1.8.0_231&amp;apos;
Driver info: org.openqa.selenium.winium.WiniumDriver
Capabilities {app: C:/Program Files (x86)/Inte..., args: , debugConnectToRunningApp: false, innerPort: 9998, javascriptEnabled: true, keyboardSimulator: 1, launchDelay: 0, platform: ANY, platformName: ANY}
Session ID: AwesomeSession
*** Element info: {Using=link text, value=Home}">
      <![CDATA[org.openqa.selenium.UnsupportedCommandException: 'link text' is not valid or implemented searching strategy. (WARNING: The server did not provide any stacktrace information)
Command duration or timeout: 0 milliseconds
Build info: version: '3.7.1', revision: '8a0099a', time: '2017-11-06T21:01:39.354Z'
System info: host: 'IN-MADHURVK-1', ip: '192.168.43.165', os.name: 'Windows 10', os.arch: 'amd64', os.version: '10.0', java.version: '1.8.0_231'
Driver info: org.openqa.selenium.winium.WiniumDriver
Capabilities {app: C:/Program Files (x86)/Inte..., args: , debugConnectToRunningApp: false, innerPort: 9998, javascriptEnabled: true, keyboardSimulator: 1, launchDelay: 0, platform: ANY, platformName: ANY}
Session ID: AwesomeSession
*** Element info: {Using=link text, value=Home}
	at org.openqa.selenium.remote.ErrorHandler.createThrowable(ErrorHandler.java:214)
	at org.openqa.selenium.remote.ErrorHandler.throwIfResponseFailed(ErrorHandler.java:166)
	at org.openqa.selenium.remote.http.JsonHttpResponseCodec.reconstructValue(JsonHttpResponseCodec.java:40)
	at org.openqa.selenium.remote.http.AbstractHttpResponseCodec.decode(AbstractHttpResponseCodec.java:80)
	at org.openqa.selenium.remote.http.AbstractHttpResponseCodec.decode(AbstractHttpResponseCodec.java:44)
	at org.openqa.selenium.remote.HttpCommandExecutor.execute(HttpCommandExecutor.java:164)
	at org.openqa.selenium.winium.WiniumDriverCommandExecutor.execute(WiniumDriverCommandExecutor.java:78)
	at org.openqa.selenium.remote.RemoteWebDriver.execute(RemoteWebDriver.java:600)
	at org.openqa.selenium.remote.RemoteWebDriver.findElement(RemoteWebDriver.java:370)
	at org.openqa.selenium.remote.RemoteWebDriver.findElementByLinkText(RemoteWebDriver.java:424)
	at org.openqa.selenium.By$ByLinkText.findElement(By.java:246)
	at org.openqa.selenium.remote.RemoteWebDriver.findElement(RemoteWebDriver.java:362)
	at scripts.InteliLogin.successfulLogin(InteliLogin.java:20)
... Removed 29 stack frames]]>
    </failure>
  </testcase> <!-- successfulLogin -->
</testsuite> <!-- Test -->
