<?xml version="1.0" encoding="UTF-8"?>
<testsuite xmlns:xsi="http://www.w3.org/2001/XMLSchema-instance" xsi:schemaLocation="https://maven.apache.org/surefire/maven-surefire-plugin/xsd/surefire-test-report.xsd" name="TestSuite" time="76.281" tests="1" errors="0" skipped="0" failures="1">
  <properties>
[...]
</properties>
  <testcase name="successfulLogin" classname="scripts.InteliLogin" time="37.552">
    <failure message="Element cannot be found (WARNING: The server did not provide any stacktrace information)&#10;Command duration or timeout: 0 milliseconds&#10;For documentation on this error, please visit: http://seleniumhq.org/exceptions/no_such_element.html&#10;Build info: version: &apos;3.7.1&apos;, revision: &apos;8a0099a&apos;, time: &apos;2017-11-06T21:01:39.354Z&apos;&#10;System info: host: &apos;IN-MADHURVK-1&apos;, ip: &apos;129.221.62.54&apos;, os.name: &apos;Windows 10&apos;, os.arch: &apos;amd64&apos;, os.version: &apos;10.0&apos;, java.version: &apos;1.8.0_231&apos;&#10;Driver info: org.openqa.selenium.winium.WiniumDriver&#10;Capabilities {app: C:/Program Files (x86)/Inte..., args: , debugConnectToRunningApp: false, innerPort: 9998, javascriptEnabled: true, keyboardSimulator: 1, launchDelay: 0, platform: ANY, platformName: ANY}&#10;Session ID: AwesomeSession&#10;*** Element info: {Using=name, value=Inte}" type="org.openqa.selenium.NoSuchElementException">org.openqa.selenium.NoSuchElementException: 
Element cannot be found (WARNING: The server did not provide any stacktrace information)
Command duration or timeout: 0 milliseconds
For documentation on this error, please visit: http://seleniumhq.org/exceptions/no_such_element.html
Build info: version: '3.7.1', revision: '8a0099a', time: '2017-11-06T21:01:39.354Z'
System info: host: 'IN-MADHURVK-1', ip: '129.221.62.54', os.name: 'Windows 10', os.arch: 'amd64', os.version: '10.0', java.version: '1.8.0_231'
Driver info: org.openqa.selenium.winium.WiniumDriver
Capabilities {app: C:/Program Files (x86)/Inte..., args: , debugConnectToRunningApp: false, innerPort: 9998, javascriptEnabled: true, keyboardSimulator: 1, launchDelay: 0, platform: ANY, platformName: ANY}
Session ID: AwesomeSession
*** Element info: {Using=name, value=Inte}
	at scripts.InteliLogin.successfulLogin(InteliLogin.java:18)
</failure>
    <system-err><![CDATA[Starting Windows Desktop Driver on port 9999

10:10:22 [DEBUG] Waiting for a connection...
10:10:22 [DEBUG] ACCEPTED REQUEST GET /status HTTP/1.1
10:10:22 [INFO] COMMAND status
{}
10:10:22 [DEBUG] RESPONSE:
OK: {
  "sessionId": "AwesomeSession",
  "status": 0,
  "value": {
    "build": {
      "version": "1.2.0.0"
    },
    "os": {
      "arch": "x64",
      "name": "windows",
      "version": "Microsoft Windows NT 6.2.9200.0"
    }
  }
}
10:10:22 [DEBUG] Client closed

10:10:22 [DEBUG] Waiting for a connection...
10:10:28 [DEBUG] ACCEPTED REQUEST POST /session HTTP/1.1
10:10:28 [INFO] COMMAND newSession
{
  "desiredCapabilities": {
    "app": "C:/Program Files (x86)/InteliApp/InteliDesktop.exe"
  },
  "capabilities": {
    "desiredCapabilities": {
      "app": "C:/Program Files (x86)/InteliApp/InteliDesktop.exe"
    },
    "firstMatch": [
      {}
    ]
  }
}
10:10:28 [DEBUG] Current keyboard simulator: BasedOnInputSimulatorLib
10:10:28 [DEBUG] RESPONSE:
OK: {
  "sessionId": "AwesomeSession",
  "status": 0,
  "value": {
    "app": "C:/Program Files (x86)/InteliApp/InteliDesktop.exe",
    "args": "",
    "debugConnectToRunningApp": false,
    "innerPort": 9998,
    "keyboardSimulator": 1,
    "launchDelay": 0
  }
}
10:10:28 [DEBUG] Client closed

10:10:28 [DEBUG] Waiting for a connection...
Nov 14, 2019 10:10:28 AM org.openqa.selenium.remote.ProtocolHandshake createSession
INFO: Detected dialect: OSS
10:10:34 [DEBUG] ACCEPTED REQUEST POST /session/AwesomeSession/element HTTP/1.1
10:10:34 [INFO] COMMAND findElement
{
  "using": "name",
  "value": "Email Address: *",
  "SESSIONID": "AwesomeSession"
}
10:10:34 [DEBUG] RESPONSE:
OK: {
  "sessionId": "AwesomeSession",
  "status": 0,
  "value": {
    "ELEMENT": "4993709-1"
  }
}
10:10:34 [DEBUG] Client closed

10:10:34 [DEBUG] Waiting for a connection...
10:10:34 [DEBUG] ACCEPTED REQUEST POST /session/AwesomeSession/element/4993709-1/value HTTP/1.1
10:10:34 [INFO] COMMAND sendKeysToElement
{
  "id": "4993709-1",
  "value": [
    "Monica.R@unisys.com"
  ],
  "SESSIONID": "AwesomeSession",
  "ID": "4993709-1"
}
10:10:34 [DEBUG] Element 'type: ControlType.Text, uid: JavaFX5, name: Email Address: *' not have ClickablePoint
10:10:35 [INFO] Click on 'type: ControlType.Text, uid: JavaFX5, name: Email Address: *' element at (791, 331) BoundingRectangle center
10:10:35 [INFO] Press key combo 'CONTROL + VK_A'
10:10:35 [INFO] Key press 'BACK'
10:10:35 [INFO] Send text 'Monica.R@unisys.com'
10:10:35 [DEBUG] RESPONSE:
OK: {
  "sessionId": "AwesomeSession",
  "status": 0,
  "value": null
}
10:10:35 [DEBUG] Client closed

10:10:35 [DEBUG] Waiting for a connection...
10:10:41 [DEBUG] ACCEPTED REQUEST POST /session/AwesomeSession/element HTTP/1.1
10:10:41 [INFO] COMMAND findElement
{
  "using": "name",
  "value": "First Name: *",
  "SESSIONID": "AwesomeSession"
}
10:10:41 [DEBUG] RESPONSE:
OK: {
  "sessionId": "AwesomeSession",
  "status": 0,
  "value": {
    "ELEMENT": "4993702-2"
  }
}
10:10:41 [DEBUG] Client closed

10:10:41 [DEBUG] Waiting for a connection...
10:10:41 [DEBUG] ACCEPTED REQUEST POST /session/AwesomeSession/element/4993702-2/value HTTP/1.1
10:10:41 [INFO] COMMAND sendKeysToElement
{
  "id": "4993702-2",
  "value": [
    "Monica"
  ],
  "SESSIONID": "AwesomeSession",
  "ID": "4993702-2"
}
10:10:41 [DEBUG] Element 'type: ControlType.Text, uid: JavaFX14, name: First Name: *' not have ClickablePoint
10:10:41 [INFO] Click on 'type: ControlType.Text, uid: JavaFX14, name: First Name: *' element at (781.5, 408.5) BoundingRectangle center
10:10:41 [INFO] Press key combo 'CONTROL + VK_A'
10:10:42 [INFO] Key press 'BACK'
10:10:42 [INFO] Send text 'Monica'
10:10:42 [DEBUG] RESPONSE:
OK: {
  "sessionId": "AwesomeSession",
  "status": 0,
  "value": null
}
10:10:42 [DEBUG] Client closed

10:10:42 [DEBUG] Waiting for a connection...
10:10:47 [DEBUG] ACCEPTED REQUEST POST /session/AwesomeSession/element HTTP/1.1
10:10:47 [INFO] COMMAND findElement
{
  "using": "name",
  "value": "Last Name: *",
  "SESSIONID": "AwesomeSession"
}
10:10:47 [DEBUG] RESPONSE:
OK: {
  "sessionId": "AwesomeSession",
  "status": 0,
  "value": {
    "ELEMENT": "4993726-3"
  }
}
10:10:47 [DEBUG] Client closed

10:10:47 [DEBUG] Waiting for a connection...
10:10:47 [DEBUG] ACCEPTED REQUEST POST /session/AwesomeSession/element/4993726-3/value HTTP/1.1
10:10:47 [INFO] COMMAND sendKeysToElement
{
  "id": "4993726-3",
  "value": [
    "R"
  ],
  "SESSIONID": "AwesomeSession",
  "ID": "4993726-3"
}
10:10:47 [DEBUG] Element 'type: ControlType.Text, uid: JavaFX22, name: Last Name: *' not have ClickablePoint
10:10:48 [INFO] Click on 'type: ControlType.Text, uid: JavaFX22, name: Last Name: *' element at (780.5, 485) BoundingRectangle center
10:10:48 [INFO] Press key combo 'CONTROL + VK_A'
10:10:48 [INFO] Key press 'BACK'
10:10:48 [INFO] Send text 'R'
10:10:48 [DEBUG] RESPONSE:
OK: {
  "sessionId": "AwesomeSession",
  "status": 0,
  "value": null
}
10:10:48 [DEBUG] Client closed

10:10:48 [DEBUG] Waiting for a connection...
10:10:53 [DEBUG] ACCEPTED REQUEST POST /session/AwesomeSession/element HTTP/1.1
10:10:53 [INFO] COMMAND findElement
{
  "using": "name",
  "value": "SIGN IN",
  "SESSIONID": "AwesomeSession"
}
10:10:54 [DEBUG] RESPONSE:
OK: {
  "sessionId": "AwesomeSession",
  "status": 0,
  "value": {
    "ELEMENT": "4993717-4"
  }
}
10:10:54 [DEBUG] Client closed

10:10:54 [DEBUG] Waiting for a connection...
10:10:54 [DEBUG] ACCEPTED REQUEST POST /session/AwesomeSession/moveto HTTP/1.1
10:10:54 [INFO] COMMAND mouseMoveTo
{
  "element": "4993717-4",
  "SESSIONID": "AwesomeSession"
}
10:10:54 [DEBUG] RESPONSE:
OK: {
  "sessionId": "AwesomeSession",
  "status": 0,
  "value": null
}
10:10:54 [DEBUG] Client closed

10:10:54 [DEBUG] Waiting for a connection...
10:10:54 [DEBUG] ACCEPTED REQUEST POST /session/AwesomeSession/click HTTP/1.1
10:10:54 [INFO] COMMAND mouseClick
{
  "button": 0,
  "SESSIONID": "AwesomeSession"
}
10:10:54 [DEBUG] RESPONSE:
OK: {
  "sessionId": "AwesomeSession",
  "status": 0,
  "value": null
}
10:10:54 [DEBUG] Client closed

10:10:54 [DEBUG] Waiting for a connection...
10:10:54 [DEBUG] ACCEPTED REQUEST POST /session/AwesomeSession/element HTTP/1.1
10:10:54 [INFO] COMMAND findElement
{
  "using": "name",
  "value": "Inte",
  "SESSIONID": "AwesomeSession"
}
10:11:32 [INFO] Element 'Name: Inte' not found
10:11:32 [DEBUG] RESPONSE:
OK: {
  "sessionId": "AwesomeSession",
  "status": 7,
  "value": {
    "error": "no such element",
    "stacktrace": "   at Winium.Desktop.Driver.CommandExecutors.FindElementExecutor.DoImpl()\r\n   at Winium.Desktop.Driver.CommandExecutors.CommandExecutorBase.Do()",
    "message": "Element cannot be found"
  }
}
10:11:32 [DEBUG] Client closed

10:11:32 [DEBUG] Waiting for a connection...
]]></system-err>
  </testcase>
</testsuite>